2013/02/19 15:03:23 [error] [system.db.CDbCommand] CDbCommand::fetchAll() failed: SQLSTATE[42S02]: Base table or view not found: 1146 Table 'yiiscrum.tbl_migration' doesn't exist. The SQL statement executed was: SHOW FULL COLUMNS FROM `tbl_migration`.
2013/02/19 15:04:20 [error] [system.db.CDbCommand] CDbCommand::fetchAll() failed: SQLSTATE[42S02]: Base table or view not found: 1146 Table 'yiiscrum.{{users}}' doesn't exist. The SQL statement executed was: SHOW FULL COLUMNS FROM `{{users}}`.
in C:\workspace-github\YiiScrum\protected\modules\user\controllers\DefaultController.php (18)
in C:\workspace-github\YiiScrum\index.php (13)
2013/02/19 15:04:20 [error] [exception.CDbException] exception 'CDbException' with message 'The table "{{users}}" for active record class "User" cannot be found in the database.' in C:\PHP\yii\framework\db\ar\CActiveRecord.php:2310
Stack trace:
#0 C:\PHP\yii\framework\db\ar\CActiveRecord.php(387): CActiveRecordMetaData->__construct(Object(User))
#1 C:\PHP\yii\framework\web\CActiveDataProvider.php(74): CActiveRecord::model('User')
#2 C:\workspace-github\YiiScrum\protected\modules\user\controllers\DefaultController.php(18): CActiveDataProvider->__construct('User', Array)
#3 C:\PHP\yii\framework\web\actions\CInlineAction.php(49): DefaultController->actionIndex()
#4 C:\PHP\yii\framework\web\CController.php(308): CInlineAction->runWithParams(Array)
#5 C:\PHP\yii\framework\web\CController.php(286): CController->runAction(Object(CInlineAction))
#6 C:\PHP\yii\framework\web\CController.php(265): CController->runActionWithFilters(Object(CInlineAction), Array)
#7 C:\PHP\yii\framework\web\CWebApplication.php(282): CController->run('')
#8 C:\PHP\yii\framework\web\CWebApplication.php(141): CWebApplication->runController('user')
#9 C:\PHP\yii\framework\base\CApplication.php(169): CWebApplication->processRequest()
#10 C:\workspace-github\YiiScrum\index.php(13): CApplication->run()
#11 {main}
REQUEST_URI=/yiiscrum/index.php/user
---
2013/02/19 15:05:42 [error] [system.db.CDbCommand] CDbCommand::fetchAll() failed: SQLSTATE[42S02]: Base table or view not found: 1146 Table 'yiiscrum.tbl_migration' doesn't exist. The SQL statement executed was: SHOW FULL COLUMNS FROM `tbl_migration`.
2013/02/19 15:05:58 [error] [system.db.CDbCommand] CDbCommand::execute() failed: SQLSTATE[42000]: Syntax error or access violation: 1064 You have an error in your SQL syntax; check the manual that corresponds to your MySQL server version for the right syntax to use near '{users}} SET create_at = FROM_UNIXTIME(createtime), lastvisit_at = IF(lastvisit,' at line 1. The SQL statement executed was: UPDATE {{users}} SET create_at = FROM_UNIXTIME(createtime), lastvisit_at = IF(lastvisit,FROM_UNIXTIME(lastvisit),'0000-00-00 00:00:00').
2013/02/19 15:08:55 [error] [system.db.CDbCommand] CDbCommand::fetchAll() failed: SQLSTATE[42S02]: Base table or view not found: 1146 Table 'yiiscrum.tbl_migration' doesn't exist. The SQL statement executed was: SHOW FULL COLUMNS FROM `tbl_migration`.
2013/02/19 15:09:12 [error] [system.db.CDbCommand] CDbCommand::execute() failed: SQLSTATE[42000]: Syntax error or access violation: 1064 You have an error in your SQL syntax; check the manual that corresponds to your MySQL server version for the right syntax to use near '{users}} SET create_at = FROM_UNIXTIME(createtime), lastvisit_at = IF(lastvisit,' at line 1. The SQL statement executed was: UPDATE {{users}} SET create_at = FROM_UNIXTIME(createtime), lastvisit_at = IF(lastvisit,FROM_UNIXTIME(lastvisit),'0000-00-00 00:00:00').
2013/02/19 15:13:06 [error] [exception.CHttpException.404] exception 'CHttpException' with message 'Unable to resolve the request "user".' in C:\PHP\yii\framework\web\CWebApplication.php:286
Stack trace:
#0 C:\PHP\yii\framework\web\CWebApplication.php(141): CWebApplication->runController('user')
#1 C:\PHP\yii\framework\base\CApplication.php(169): CWebApplication->processRequest()
#2 C:\workspace-github\YiiScrum\index.php(13): CApplication->run()
#3 {main}
REQUEST_URI=/yiiscrum/index.php/user
---
2013/02/19 15:16:23 [error] [exception.CHttpException.404] exception 'CHttpException' with message 'Unable to resolve the request "user".' in C:\PHP\yii\framework\web\CWebApplication.php:286
Stack trace:
#0 C:\PHP\yii\framework\web\CWebApplication.php(141): CWebApplication->runController('user')
#1 C:\PHP\yii\framework\base\CApplication.php(169): CWebApplication->processRequest()
#2 C:\workspace-github\YiiScrum\index.php(13): CApplication->run()
#3 {main}
REQUEST_URI=/yiiscrum/index.php/user
---
2013/02/20 10:32:44 [error] [system.db.CDbCommand] CDbCommand::execute() failed: SQLSTATE[23000]: Integrity constraint violation: 1062 Duplicate entry 'akosk-ÁK-akos.kiszely@gmail.com' for key 'username'. The SQL statement executed was: INSERT INTO `user` (`admin`, `username`, `initial`, `password`, `email`, `create_time`) VALUES (:yp0, :yp1, :yp2, :yp3, :yp4, NOW()).
in C:\workspace-github\YiiScrum\protected\controllers\UserController.php (72)
in C:\workspace-github\YiiScrum\index.php (13)
2013/02/20 10:32:44 [error] [exception.CDbException] exception 'CDbException' with message 'CDbCommand failed to execute the SQL statement: SQLSTATE[23000]: Integrity constraint violation: 1062 Duplicate entry 'akosk-ÁK-akos.kiszely@gmail.com' for key 'username'. The SQL statement executed was: INSERT INTO `user` (`admin`, `username`, `initial`, `password`, `email`, `create_time`) VALUES (:yp0, :yp1, :yp2, :yp3, :yp4, NOW())' in C:\PHP\yii\framework\db\CDbCommand.php:357
Stack trace:
#0 C:\PHP\yii\framework\db\ar\CActiveRecord.php(1023): CDbCommand->execute()
#1 C:\PHP\yii\framework\db\ar\CActiveRecord.php(795): CActiveRecord->insert(NULL)
#2 C:\workspace-github\YiiScrum\protected\controllers\UserController.php(72): CActiveRecord->save()
#3 C:\PHP\yii\framework\web\actions\CInlineAction.php(49): UserController->actionCreate()
#4 C:\PHP\yii\framework\web\CController.php(308): CInlineAction->runWithParams(Array)
#5 C:\PHP\yii\framework\web\filters\CFilterChain.php(133): CController->runAction(Object(CInlineAction))
#6 C:\PHP\yii\framework\web\filters\CFilter.php(40): CFilterChain->run()
#7 C:\PHP\yii\framework\web\CController.php(1145): CFilter->filter(Object(CFilterChain))
#8 C:\PHP\yii\framework\web\filters\CInlineFilter.php(58): CController->filterAccessControl(Object(CFilterChain))
#9 C:\PHP\yii\framework\web\filters\CFilterChain.php(130): CInlineFilter->filter(Object(CFilterChain))
#10 C:\PHP\yii\framework\web\CController.php(291): CFilterChain->run()
#11 C:\PHP\yii\framework\web\CController.php(265): CController->runActionWithFilters(Object(CInlineAction), Array)
#12 C:\PHP\yii\framework\web\CWebApplication.php(282): CController->run('create')
#13 C:\PHP\yii\framework\web\CWebApplication.php(141): CWebApplication->runController('user/create')
#14 C:\PHP\yii\framework\base\CApplication.php(169): CWebApplication->processRequest()
#15 C:\workspace-github\YiiScrum\index.php(13): CApplication->run()
#16 {main}
REQUEST_URI=/yiiscrum/index.php/user/create
HTTP_REFERER=http://localhost/yiiscrum/index.php/user/create
---
